     1                                  bits 32 ; assembling for the 32 bits architecture
     2                                  
     3                                  ; declare the EntryPoint (a label defining the very first instruction of the program)
     4                                  global start        
     5                                  
     6                                  ; declare external functions needed by our program
     7                                  extern exit               ; tell nasm that exit exists even if we won't be defining it
     8                                  import exit msvcrt.dll    ; exit is a function that ends the calling process. It is defined in msvcrt.dll
     9                                                            ; msvcrt.dll contains exit, printf and all the other important C-runtime specific functions
    10                                  
    11                                  ; our data is declared here (the variables needed by our program)
    12                                  segment data use32 class=data
    13                                      ; ...
    14 00000000 0300                        a dw 3
    15 00000002 0700                        b dw 7
    16 00000004 0B00                        c dw 11
    17 00000006 0500                        d dw 5
    18                                  ; our code starts here
    19                                  segment code use32 class=code
    20                                      start:
    21                                          ; ...
    22 00000000 668B1D[04000000]                mov BX, [c]
    23 00000007 66031D[02000000]                ADD BX, [b]
    24 0000000E 66031D[02000000]                ADD BX, [b]
    25 00000015 66A1[04000000]                  mov AX, [c]
    26 0000001B 660305[00000000]                ADD AX, [a]
    27 00000022 660305[06000000]                ADD AX, [d]
    28 00000029 6629C3                          SUB BX, AX
    29                                          ; exit(0)
    30 0000002C 6A00                            push    dword 0      ; push the parameter for exit onto the stack
    31 0000002E FF15[00000000]                  call    [exit]       ; call exit to terminate the program
