     1                                  bits 32 ; assembling for the 32 bits architecture
     2                                  
     3                                  ; declare the EntryPoint (a label defining the very first instruction of the program)
     4                                  global start        
     5                                  
     6                                  ; declare external functions needed by our program
     7                                  extern exit               ; tell nasm that exit exists even if we won't be defining it
     8                                  import exit msvcrt.dll    ; exit is a function that ends the calling process. It is defined in msvcrt.dll
     9                                                            ; msvcrt.dll contains exit, printf and all the other important C-runtime specific functions
    10                                  
    11                                  ; our data is declared here (the variables needed by our program)
    12                                  segment data use32 class=data
    13                                      ; ...
    14 00000000 0300                        a dw 3
    15 00000002 0100                        b dw 1
    16 00000004 0400                        c dw 4
    17 00000006 0500                        d dw 5 
    18                                  
    19                                  ; our code starts here
    20                                  segment code use32 class=code
    21                                      start:
    22                                          ; ...
    23 00000000 A0[02000000]                    mov AL, [b]
    24 00000005 0205[04000000]                  ADD AL, [c]
    25 0000000B F625[00000000]                  MUL byte [a]
    26 00000011 6683C022                        ADD AX, 34
    27                                          ; exit(0)
    28 00000015 6A00                            push    dword 0      ; push the parameter for exit onto the stack
    29 00000017 FF15[00000000]                  call    [exit]       ; call exit to terminate the program
