     1                                  bits 32 ; assembling for the 32 bits architecture
     2                                  
     3                                  ; declare the EntryPoint (a label defining the very first instruction of the program)
     4                                  global start        
     5                                  
     6                                  ; declare external functions needed by our program
     7                                  extern exit, printf               ; tell nasm that exit exists even if we won't be defining it
     8                                  import exit msvcrt.dll    ; exit is a function that ends the calling process. It is defined in msvcrt.dll
     9                                  import printf msvcrt.dll
    10                                                            ; msvcrt.dll contains exit, printf and all the other important C-runtime specific functions
    11                                  
    12                                  ; our data is declared here (the variables needed by our program)
    13                                  segment data use32 class=data
    14                                      ; ...
    15 00000000 256400                      format db "%d", 0
    16 00000003 48656C6C6F20576F72-         strh db "Hello World", 0
    16 0000000C 6C6400             
    17                                      
    18                                  ; our code starts here
    19                                  segment code use32 class=code
    20                                      start:
    21                                          ; ...
    22 00000000 B80A000000                      mov eax, 10
    23 00000005 83C00C                          add eax, 12
    24 00000008 50                              push eax
    25 00000009 68[00000000]                    push format
    26 0000000E FF15[00000000]                  call [printf]
    27 00000014 83C408                          add esp, 8
    28                                      
    29                                          ; exit(0)
    30 00000017 6A00                            push    dword 0      ; push the parameter for exit onto the stack
    31 00000019 FF15[00000000]                  call    [exit]       ; call exit to terminate the program
