     1                                  bits 32 ; assembling for the 32 bits architecture
     2                                  
     3                                  ; declare the EntryPoint (a label defining the very first instruction of the program)
     4                                  global start        
     5                                  
     6                                  ; declare external functions needed by our program
     7                                  extern exit               ; tell nasm that exit exists even if we won't be defining it
     8                                  import exit msvcrt.dll    ; exit is a function that ends the calling process. It is defined in msvcrt.dll
     9                                                            ; msvcrt.dll contains exit, printf and all the other important C-runtime specific functions
    10                                  
    11                                  ; our data is declared here (the variables needed by our program)
    12                                  segment data use32 class=data
    13                                      ; ...
    14 00000000 05                          a db 5
    15 00000001 0F                          b db 15
    16 00000002 03                          c db 3
    17 00000003 0100                        d dw 1
    18                                  ; our code starts here
    19                                  segment code use32 class=code
    20                                      start:
    21                                          ; ...
    22                                          ;3*[20*(b-a+2)-10*c]+2*(d-3)
    23                                          ;3*[20*(10-5+2)-10*3]+2*(1-3)
    24                                          
    25 00000000 8A3D[01000000]                  mov bh, [b]
    26 00000006 8A25[00000000]                  mov ah, [a]
    27 0000000C 28C7                            sub bh, al
    28 0000000E 80C702                          add bh, 2
    29 00000011 B514                            mov ch, 20
    30 00000013 F6E5                            mul ch
    31                                          ; exit(0)
    32 00000015 6A00                            push    dword 0      ; push the parameter for exit onto the stack
    33 00000017 FF15[00000000]                  call    [exit]       ; call exit to terminate the program
