c:\users\rafael\desktop\c++c\star\startb\star\star\x64\debug\starstablemodel.obj
c:\users\rafael\desktop\c++c\star\startb\star\star\x64\debug\main.obj
c:\users\rafael\desktop\c++c\star\startb\star\star\x64\debug\astronomer.obj
c:\users\rafael\desktop\c++c\star\startb\star\star\x64\debug\star.obj
c:\users\rafael\desktop\c++c\star\startb\star\star\x64\debug\repository.obj
c:\users\rafael\desktop\c++c\star\startb\star\star\x64\debug\userview.obj
c:\users\rafael\desktop\c++c\star\startb\star\star\x64\debug\vc143.pdb
c:\users\rafael\desktop\c++c\star\startb\star\star\x64\debug\qrc_star.obj
c:\users\rafael\desktop\c++c\star\startb\star\star\x64\debug\moc_userview.obj
c:\users\rafael\desktop\c++c\star\startb\star\star\x64\debug\moc_star.obj
c:\users\rafael\desktop\c++c\star\startb\star\x64\debug\star.ilk
c:\users\rafael\desktop\c++c\star\startb\star\x64\debug\star.exe
c:\users\rafael\desktop\c++c\star\startb\star\x64\debug\star.pdb
c:\users\rafael\desktop\c++c\star\startb\star\star\x64\debug\moc\moc_star.cpp
c:\users\rafael\desktop\c++c\star\startb\star\star\x64\debug\rcc\qrc_star.cpp
c:\users\rafael\desktop\c++c\star\startb\star\star\x64\debug\uic\ui_star.h
c:\users\rafael\desktop\c++c\star\startb\star\star\x64\debug\moc\moc_userview.cpp
c:\users\rafael\desktop\c++c\star\startb\star\star\x64\debug\uic\ui_userview.h
c:\users\rafael\desktop\c++c\star\startb\star\star\x64\debug\star.tlog\cl.11444.write.1.tlog
c:\users\rafael\desktop\c++c\star\startb\star\star\x64\debug\star.tlog\cl.command.1.tlog
c:\users\rafael\desktop\c++c\star\startb\star\star\x64\debug\star.tlog\cl.read.1.tlog
c:\users\rafael\desktop\c++c\star\startb\star\star\x64\debug\star.tlog\link.command.1.tlog
c:\users\rafael\desktop\c++c\star\startb\star\star\x64\debug\star.tlog\link.read.1.tlog
c:\users\rafael\desktop\c++c\star\startb\star\star\x64\debug\star.tlog\link.write.1.tlog
c:\users\rafael\desktop\c++c\star\startb\star\star\x64\debug\star.tlog\moc.read.1u.tlog
c:\users\rafael\desktop\c++c\star\startb\star\star\x64\debug\star.tlog\moc.write.1u.tlog
c:\users\rafael\desktop\c++c\star\startb\star\star\x64\debug\star.tlog\rcc.read.1u.tlog
c:\users\rafael\desktop\c++c\star\startb\star\star\x64\debug\star.tlog\rcc.write.1u.tlog
c:\users\rafael\desktop\c++c\star\startb\star\star\x64\debug\star.tlog\star.write.1u.tlog
c:\users\rafael\desktop\c++c\star\startb\star\star\x64\debug\star.tlog\uic.read.1u.tlog
c:\users\rafael\desktop\c++c\star\startb\star\star\x64\debug\star.tlog\uic.write.1u.tlog
