c:\users\rafael\desktop\c++c\star\startb\micro\micro\x64\debug\main.obj
c:\users\rafael\desktop\c++c\star\startb\micro\micro\x64\debug\repository.obj
c:\users\rafael\desktop\c++c\star\startb\micro\micro\x64\debug\micro.obj
c:\users\rafael\desktop\c++c\star\startb\micro\micro\x64\debug\fereastra.obj
c:\users\rafael\desktop\c++c\star\startb\micro\micro\x64\debug\domain.obj
c:\users\rafael\desktop\c++c\star\startb\micro\micro\x64\debug\moc_micro.obj
c:\users\rafael\desktop\c++c\star\startb\micro\micro\x64\debug\qrc_micro.obj
c:\users\rafael\desktop\c++c\star\startb\micro\micro\x64\debug\moc_fereastra.obj
c:\users\rafael\desktop\c++c\star\startb\micro\micro\x64\debug\vc143.pdb
c:\users\rafael\desktop\c++c\star\startb\micro\micro\x64\debug\microtable.obj
c:\users\rafael\desktop\c++c\star\startb\micro\micro\x64\debug\moc_microtable.obj
c:\users\rafael\desktop\c++c\star\startb\micro\x64\debug\micro.exe
c:\users\rafael\desktop\c++c\star\startb\micro\x64\debug\micro.ilk
c:\users\rafael\desktop\c++c\star\startb\micro\x64\debug\micro.pdb
c:\users\rafael\desktop\c++c\star\startb\micro\micro\x64\debug\uic\ui_micro.h
c:\users\rafael\desktop\c++c\star\startb\micro\micro\x64\debug\rcc\qrc_micro.cpp
c:\users\rafael\desktop\c++c\star\startb\micro\micro\x64\debug\moc\moc_micro.cpp
c:\users\rafael\desktop\c++c\star\startb\micro\micro\x64\debug\uic\ui_fereastra.h
c:\users\rafael\desktop\c++c\star\startb\micro\micro\x64\debug\moc\moc_fereastra.cpp
c:\users\rafael\desktop\c++c\star\startb\micro\micro\x64\debug\moc\moc_microtable.cpp
c:\users\rafael\desktop\c++c\star\startb\micro\micro\x64\debug\micro.tlog\cl.command.1.tlog
c:\users\rafael\desktop\c++c\star\startb\micro\micro\x64\debug\micro.tlog\cl.read.1.tlog
c:\users\rafael\desktop\c++c\star\startb\micro\micro\x64\debug\micro.tlog\cl.write.1.tlog
c:\users\rafael\desktop\c++c\star\startb\micro\micro\x64\debug\micro.tlog\link.command.1.tlog
c:\users\rafael\desktop\c++c\star\startb\micro\micro\x64\debug\micro.tlog\link.read.1.tlog
c:\users\rafael\desktop\c++c\star\startb\micro\micro\x64\debug\micro.tlog\link.write.1.tlog
c:\users\rafael\desktop\c++c\star\startb\micro\micro\x64\debug\micro.tlog\micro.write.1u.tlog
c:\users\rafael\desktop\c++c\star\startb\micro\micro\x64\debug\micro.tlog\moc.read.1u.tlog
c:\users\rafael\desktop\c++c\star\startb\micro\micro\x64\debug\micro.tlog\moc.write.1u.tlog
c:\users\rafael\desktop\c++c\star\startb\micro\micro\x64\debug\micro.tlog\rcc.read.1u.tlog
c:\users\rafael\desktop\c++c\star\startb\micro\micro\x64\debug\micro.tlog\rcc.write.1u.tlog
c:\users\rafael\desktop\c++c\star\startb\micro\micro\x64\debug\micro.tlog\uic.read.1u.tlog
c:\users\rafael\desktop\c++c\star\startb\micro\micro\x64\debug\micro.tlog\uic.write.1u.tlog
