c:\users\rafael\desktop\c++c\teeest\3\3\x64\debug\uic\ui_qtwidgetsapplication.h
c:\users\rafael\desktop\c++c\teeest\3\3\x64\debug\rcc\qrc_qtwidgetsapplication.cpp
c:\users\rafael\desktop\c++c\teeest\3\3\x64\debug\moc\moc_qtwidgetsapplication.cpp
c:\users\rafael\desktop\c++c\teeest\3\3\x64\debug\moc\moc_mainwindow.cpp
c:\users\rafael\desktop\c++c\teeest\3\3\x64\debug\uic\ui_mainwindow.h
c:\users\rafael\desktop\c++c\teeest\3\3\x64\debug\qrc_qtwidgetsapplication.obj
c:\users\rafael\desktop\c++c\teeest\3\3\x64\debug\moc_mainwindow.obj
c:\users\rafael\desktop\c++c\teeest\3\3\x64\debug\vc143.pdb
c:\users\rafael\desktop\c++c\teeest\3\x64\debug\3.ilk
c:\users\rafael\desktop\c++c\teeest\3\x64\debug\3.exe
c:\users\rafael\desktop\c++c\teeest\3\x64\debug\3.pdb
c:\users\rafael\desktop\c++c\teeest\3\3\x64\debug\main.obj
c:\users\rafael\desktop\c++c\teeest\3\3\x64\debug\mainwindow.obj
c:\users\rafael\desktop\c++c\teeest\3\3\x64\debug\repository.obj
c:\users\rafael\desktop\c++c\teeest\3\3\x64\debug\3.tlog\3.write.1u.tlog
c:\users\rafael\desktop\c++c\teeest\3\3\x64\debug\3.tlog\cl.16800.write.1.tlog
c:\users\rafael\desktop\c++c\teeest\3\3\x64\debug\3.tlog\cl.command.1.tlog
c:\users\rafael\desktop\c++c\teeest\3\3\x64\debug\3.tlog\cl.read.1.tlog
c:\users\rafael\desktop\c++c\teeest\3\3\x64\debug\3.tlog\link.command.1.tlog
c:\users\rafael\desktop\c++c\teeest\3\3\x64\debug\3.tlog\link.read.1.tlog
c:\users\rafael\desktop\c++c\teeest\3\3\x64\debug\3.tlog\link.write.1.tlog
c:\users\rafael\desktop\c++c\teeest\3\3\x64\debug\3.tlog\rcc.read.1u.tlog
c:\users\rafael\desktop\c++c\teeest\3\3\x64\debug\3.tlog\rcc.write.1u.tlog
