c:\users\rafael\desktop\c++c\a1-sotroparafael9-1\a2\a2\x64\debug\vc143.pdb
c:\users\rafael\desktop\c++c\a1-sotroparafael9-1\a2\a2\x64\debug\vc143.idb
c:\users\rafael\desktop\c++c\a1-sotroparafael9-1\a2\a2\x64\debug\undoredo.obj
c:\users\rafael\desktop\c++c\a1-sotroparafael9-1\a2\a2\x64\debug\ui.obj
c:\users\rafael\desktop\c++c\a1-sotroparafael9-1\a2\a2\x64\debug\service.obj
c:\users\rafael\desktop\c++c\a1-sotroparafael9-1\a2\a2\x64\debug\repository.obj
c:\users\rafael\desktop\c++c\a1-sotroparafael9-1\a2\a2\x64\debug\main.obj
c:\users\rafael\desktop\c++c\a1-sotroparafael9-1\a2\a2\x64\debug\dynamicarray.obj
c:\users\rafael\desktop\c++c\a1-sotroparafael9-1\a2\a2\x64\debug\domain.obj
c:\users\rafael\desktop\c++c\a1-sotroparafael9-1\a2\x64\debug\a2.pdb
c:\users\rafael\desktop\c++c\a1-sotroparafael9-1\a2\a2\x64\debug\a2.tlog\cl.command.1.tlog
c:\users\rafael\desktop\c++c\a1-sotroparafael9-1\a2\a2\x64\debug\a2.tlog\cl.read.1.tlog
c:\users\rafael\desktop\c++c\a1-sotroparafael9-1\a2\a2\x64\debug\a2.tlog\cl.write.1.tlog
c:\users\rafael\desktop\c++c\a1-sotroparafael9-1\a2\a2\x64\debug\a2.tlog\link-cvtres.read.1.tlog
c:\users\rafael\desktop\c++c\a1-sotroparafael9-1\a2\a2\x64\debug\a2.tlog\link-cvtres.write.1.tlog
c:\users\rafael\desktop\c++c\a1-sotroparafael9-1\a2\a2\x64\debug\a2.tlog\link-rc.read.1.tlog
c:\users\rafael\desktop\c++c\a1-sotroparafael9-1\a2\a2\x64\debug\a2.tlog\link-rc.write.1.tlog
c:\users\rafael\desktop\c++c\a1-sotroparafael9-1\a2\a2\x64\debug\a2.tlog\link.command.1.tlog
c:\users\rafael\desktop\c++c\a1-sotroparafael9-1\a2\a2\x64\debug\a2.tlog\link.read.1.tlog
c:\users\rafael\desktop\c++c\a1-sotroparafael9-1\a2\a2\x64\debug\a2.tlog\link.read.2.tlog
c:\users\rafael\desktop\c++c\a1-sotroparafael9-1\a2\a2\x64\debug\a2.tlog\link.write.1.tlog
