     1                                  bits 32 ; assembling for the 32 bits architecture
     2                                  
     3                                  ; declare the EntryPoint (a label defining the very first instruction of the program)
     4                                  global start        
     5                                  
     6                                  ; declare external functions needed by our program
     7                                  extern exit               ; tell nasm that exit exists even if we won't be defining it
     8                                  import exit msvcrt.dll    ; exit is a function that ends the calling process. It is defined in msvcrt.dll
     9                                                            ; msvcrt.dll contains exit, printf and all the other important C-runtime specific functions
    10                                  
    11                                  ; our data is declared here (the variables needed by our program)
    12                                  segment data use32 class=data
    13                                      ; ...
    14                                  ;c-(a+d)+(b+d)
    15 00000000 05                          a db 5
    16 00000001 02                          b db 2
    17 00000002 0F                          c db 15
    18 00000003 07                          d db 7
    19                                  ; our code starts here
    20                                  segment code use32 class=code
    21                                      start:
    22                                          ; ...
    23 00000000 B8801A0600                      mov eax, 400000
    24 00000005 BB20A10700                      mov ebx, 500000
    25 0000000A F7E3                            mul ebx 
    26 0000000C F7F3                            div ebx
    27                                          
    28                                          
    29                                          
    30                                          ; exit(0)
    31 0000000E 6A00                            push    dword 0      ; push the parameter for exit onto the stack
    32 00000010 FF15[00000000]                  call    [exit]       ; call exit to terminate the program
